# JRE version: Java(TM) SE Runtime Environment (12.0.2+10) (build 12.0.2+10)
# Java VM: Java HotSpot(TM) 64-Bit Server VM (12.0.2+10, mixed mode, sharing, tiered, compressed oops, g1 gc, windows-amd64)
Heap:
 garbage-first heap   total 73728K, used 32803K [0x0000000084600000, 0x0000000100000000)
  region size 1024K, 8 young (8192K), 3 survivors (3072K)
 Metaspace       used 49605K, capacity 51187K, committed 51320K, reserved 1093632K
  class space    used 6561K, capacity 7213K, committed 7288K, reserved 1048576K
GC Heap History (10 events):
Event: 10.286 GC heap before
{Heap before GC invocations=21 (full 0):
 garbage-first heap   total 61440K, used 44419K [0x0000000084600000, 0x0000000100000000)
  region size 1024K, 22 young (22528K), 2 survivors (2048K)
 Metaspace       used 44234K, capacity 45443K, committed 45560K, reserved 1089536K
  class space    used 5793K, capacity 6275K, committed 6392K, reserved 1048576K
}
Event: 10.293 GC heap after
{Heap after GC invocations=22 (full 0):
 garbage-first heap   total 61440K, used 25052K [0x0000000084600000, 0x0000000100000000)
  region size 1024K, 3 young (3072K), 3 survivors (3072K)
 Metaspace       used 44234K, capacity 45443K, committed 45560K, reserved 1089536K
  class space    used 5793K, capacity 6275K, committed 6392K, reserved 1048576K
}
Event: 10.595 GC heap before
{Heap before GC invocations=22 (full 0):
 garbage-first heap   total 61440K, used 45532K [0x0000000084600000, 0x0000000100000000)
  region size 1024K, 23 young (23552K), 3 survivors (3072K)
 Metaspace       used 46189K, capacity 47554K, committed 47736K, reserved 1089536K
  class space    used 6119K, capacity 6683K, committed 6776K, reserved 1048576K
}
Event: 10.606 GC heap after
{Heap after GC invocations=23 (full 0):
 garbage-first heap   total 61440K, used 26167K [0x0000000084600000, 0x0000000100000000)
  region size 1024K, 3 young (3072K), 3 survivors (3072K)
 Metaspace       used 46189K, capacity 47554K, committed 47736K, reserved 1089536K
  class space    used 6119K, capacity 6683K, committed 6776K, reserved 1048576K
}
Event: 11.001 GC heap before
{Heap before GC invocations=23 (full 0):
 garbage-first heap   total 61440K, used 46647K [0x0000000084600000, 0x0000000100000000)
  region size 1024K, 23 young (23552K), 3 survivors (3072K)
 Metaspace       used 47279K, capacity 48666K, committed 48888K, reserved 1091584K
  class space    used 6246K, capacity 6820K, committed 6904K, reserved 1048576K
}
Event: 11.009 GC heap after
{Heap after GC invocations=24 (full 0):
 garbage-first heap   total 61440K, used 27100K [0x0000000084600000, 0x0000000100000000)
  region size 1024K, 2 young (2048K), 2 survivors (2048K)
 Metaspace       used 47279K, capacity 48666K, committed 48888K, reserved 1091584K
  class space    used 6246K, capacity 6820K, committed 6904K, reserved 1048576K
}
Event: 11.230 GC heap before
{Heap before GC invocations=24 (full 0):
 garbage-first heap   total 61440K, used 48604K [0x0000000084600000, 0x0000000100000000)
  region size 1024K, 23 young (23552K), 2 survivors (2048K)
 Metaspace       used 48030K, capacity 49546K, committed 49784K, reserved 1091584K
  class space    used 6349K, capacity 6945K, committed 7032K, reserved 1048576K
}
Event: 11.236 GC heap after
{Heap after GC invocations=25 (full 0):
 garbage-first heap   total 73728K, used 27824K [0x0000000084600000, 0x0000000100000000)
  region size 1024K, 2 young (2048K), 2 survivors (2048K)
 Metaspace       used 48030K, capacity 49546K, committed 49784K, reserved 1091584K
  class space    used 6349K, capacity 6945K, committed 7032K, reserved 1048576K
}
Event: 11.471 GC heap before
{Heap before GC invocations=25 (full 0):
 garbage-first heap   total 73728K, used 53424K [0x0000000084600000, 0x0000000100000000)
  region size 1024K, 27 young (27648K), 2 survivors (2048K)
 Metaspace       used 48808K, capacity 50308K, committed 50424K, reserved 1093632K
  class space    used 6460K, capacity 7069K, committed 7160K, reserved 1048576K
}
Event: 11.478 GC heap after
{Heap after GC invocations=26 (full 0):
 garbage-first heap   total 73728K, used 28768K [0x0000000084600000, 0x0000000100000000)
  region size 1024K, 3 young (3072K), 3 survivors (3072K)
 Metaspace       used 48808K, capacity 50308K, committed 50424K, reserved 1093632K
  class space    used 6460K, capacity 7069K, committed 7160K, reserved 1048576K
}

