# JRE version: Java(TM) SE Runtime Environment (12.0.2+10) (build 12.0.2+10)
# Java VM: Java HotSpot(TM) 64-Bit Server VM (12.0.2+10, mixed mode, sharing, tiered, compressed oops, g1 gc, windows-amd64)
Heap:
 garbage-first heap   total 84992K, used 34949K [0x0000000084600000, 0x0000000100000000)
  region size 1024K, 8 young (8192K), 3 survivors (3072K)
 Metaspace       used 51796K, capacity 53429K, committed 53552K, reserved 1095680K
  class space    used 6848K, capacity 7533K, committed 7552K, reserved 1048576K
GC Heap History (10 events):
Event: 23.215 GC heap before
{Heap before GC invocations=23 (full 0):
 garbage-first heap   total 58368K, used 46331K [0x0000000084600000, 0x0000000100000000)
  region size 1024K, 21 young (21504K), 2 survivors (2048K)
 Metaspace       used 47908K, capacity 49329K, committed 49584K, reserved 1091584K
  class space    used 6318K, capacity 6892K, committed 6912K, reserved 1048576K
}
Event: 23.226 GC heap after
{Heap after GC invocations=24 (full 0):
 garbage-first heap   total 70656K, used 27576K [0x0000000084600000, 0x0000000100000000)
  region size 1024K, 2 young (2048K), 2 survivors (2048K)
 Metaspace       used 47908K, capacity 49329K, committed 49584K, reserved 1091584K
  class space    used 6318K, capacity 6892K, committed 6912K, reserved 1048576K
}
Event: 24.843 GC heap before
{Heap before GC invocations=24 (full 0):
 garbage-first heap   total 70656K, used 52152K [0x0000000084600000, 0x0000000100000000)
  region size 1024K, 26 young (26624K), 2 survivors (2048K)
 Metaspace       used 48677K, capacity 50229K, committed 50352K, reserved 1093632K
  class space    used 6434K, capacity 7064K, committed 7168K, reserved 1048576K
}
Event: 24.862 GC heap after
{Heap after GC invocations=25 (full 0):
 garbage-first heap   total 70656K, used 28378K [0x0000000084600000, 0x0000000100000000)
  region size 1024K, 3 young (3072K), 3 survivors (3072K)
 Metaspace       used 48677K, capacity 50229K, committed 50352K, reserved 1093632K
  class space    used 6434K, capacity 7064K, committed 7168K, reserved 1048576K
}
Event: 26.831 GC heap before
{Heap before GC invocations=25 (full 0):
 garbage-first heap   total 70656K, used 52954K [0x0000000084600000, 0x0000000100000000)
  region size 1024K, 27 young (27648K), 3 survivors (3072K)
 Metaspace       used 49124K, capacity 50632K, committed 50864K, reserved 1093632K
  class space    used 6486K, capacity 7113K, committed 7168K, reserved 1048576K
}
Event: 26.849 GC heap after
{Heap after GC invocations=26 (full 0):
 garbage-first heap   total 70656K, used 29381K [0x0000000084600000, 0x0000000100000000)
  region size 1024K, 3 young (3072K), 3 survivors (3072K)
 Metaspace       used 49124K, capacity 50632K, committed 50864K, reserved 1093632K
  class space    used 6486K, capacity 7113K, committed 7168K, reserved 1048576K
}
Event: 27.853 GC heap before
{Heap before GC invocations=26 (full 0):
 garbage-first heap   total 70656K, used 53957K [0x0000000084600000, 0x0000000100000000)
  region size 1024K, 27 young (27648K), 3 survivors (3072K)
 Metaspace       used 50182K, capacity 51784K, committed 52016K, reserved 1093632K
  class space    used 6619K, capacity 7263K, committed 7296K, reserved 1048576K
}
Event: 27.870 GC heap after
{Heap after GC invocations=27 (full 0):
 garbage-first heap   total 70656K, used 30219K [0x0000000084600000, 0x0000000100000000)
  region size 1024K, 3 young (3072K), 3 survivors (3072K)
 Metaspace       used 50182K, capacity 51784K, committed 52016K, reserved 1093632K
  class space    used 6619K, capacity 7263K, committed 7296K, reserved 1048576K
}
Event: 30.301 GC heap before
{Heap before GC invocations=27 (full 0):
 garbage-first heap   total 70656K, used 54795K [0x0000000084600000, 0x0000000100000000)
  region size 1024K, 27 young (27648K), 3 survivors (3072K)
 Metaspace       used 51143K, capacity 52814K, committed 53040K, reserved 1095680K
  class space    used 6764K, capacity 7435K, committed 7552K, reserved 1048576K
}
Event: 30.307 GC heap after
{Heap after GC invocations=28 (full 0):
 garbage-first heap   total 84992K, used 30853K [0x0000000084600000, 0x0000000100000000)
  region size 1024K, 3 young (3072K), 3 survivors (3072K)
 Metaspace       used 51143K, capacity 52814K, committed 53040K, reserved 1095680K
  class space    used 6764K, capacity 7435K, committed 7552K, reserved 1048576K
}

